2025-11-07 22:17:33.924 [main] INFO  [sessionId=NO_SESSION]
        [reqId=] [traceId=] [spanId=] [parentSpan=]
        [uri=] [method=] [status=]
        [duration=ms] [clientIp=] [userAgent=]
        c.c.p.pet.PetServiceApplication - Starting PetServiceApplication using Java 21.0.9 with PID 22824 (C:\mzdev\cloudx-java-azure-dev\petstore\petstorepetservice\target\classes started by PrajjwalPandey in C:\mzdev\cloudx-java-azure-dev\petstore\petstorepetservice)
2025-11-07 22:17:33.928 [main] INFO  [sessionId=NO_SESSION]
        [reqId=] [traceId=] [spanId=] [parentSpan=]
        [uri=] [method=] [status=]
        [duration=ms] [clientIp=] [userAgent=]
        c.c.p.pet.PetServiceApplication - No active profile set, falling back to 1 default profile: "default"
2025-11-07 22:17:37.127 [main] INFO  [sessionId=NO_SESSION]
        [reqId=] [traceId=] [spanId=] [parentSpan=]
        [uri=] [method=] [status=]
        [duration=ms] [clientIp=] [userAgent=]
        o.s.b.w.e.tomcat.TomcatWebServer - Tomcat initialized with port 8081 (http)
2025-11-07 22:17:37.157 [main] INFO  [sessionId=NO_SESSION]
        [reqId=] [traceId=] [spanId=] [parentSpan=]
        [uri=] [method=] [status=]
        [duration=ms] [clientIp=] [userAgent=]
        o.a.catalina.core.StandardService - Starting service [Tomcat]
2025-11-07 22:17:37.158 [main] INFO  [sessionId=NO_SESSION]
        [reqId=] [traceId=] [spanId=] [parentSpan=]
        [uri=] [method=] [status=]
        [duration=ms] [clientIp=] [userAgent=]
        o.a.catalina.core.StandardEngine - Starting Servlet engine: [Apache Tomcat/10.1.41]
2025-11-07 22:17:37.284 [main] INFO  [sessionId=NO_SESSION]
        [reqId=] [traceId=] [spanId=] [parentSpan=]
        [uri=] [method=] [status=]
        [duration=ms] [clientIp=] [userAgent=]
        o.a.c.c.C.[Tomcat].[localhost].[/] - Initializing Spring embedded WebApplicationContext
2025-11-07 22:17:37.284 [main] INFO  [sessionId=NO_SESSION]
        [reqId=] [traceId=] [spanId=] [parentSpan=]
        [uri=] [method=] [status=]
        [duration=ms] [clientIp=] [userAgent=]
        o.s.b.w.s.c.ServletWebServerApplicationContext - Root WebApplicationContext: initialization completed in 3191 ms
2025-11-07 22:17:39.189 [main] INFO  [sessionId=NO_SESSION]
        [reqId=] [traceId=] [spanId=] [parentSpan=]
        [uri=] [method=] [status=]
        [duration=ms] [clientIp=] [userAgent=]
        o.s.b.a.e.web.EndpointLinksResolver - Exposing 2 endpoints beneath base path '/actuator'
2025-11-07 22:17:39.314 [main] INFO  [sessionId=NO_SESSION]
        [reqId=] [traceId=] [spanId=] [parentSpan=]
        [uri=] [method=] [status=]
        [duration=ms] [clientIp=] [userAgent=]
        o.s.b.w.e.tomcat.TomcatWebServer - Tomcat started on port 8081 (http) with context path '/'
2025-11-07 22:17:39.349 [main] INFO  [sessionId=NO_SESSION]
        [reqId=] [traceId=] [spanId=] [parentSpan=]
        [uri=] [method=] [status=]
        [duration=ms] [clientIp=] [userAgent=]
        c.c.p.pet.PetServiceApplication - Started PetServiceApplication in 6.914 seconds (process running for 8.247)
2025-11-07 22:21:23.900 [http-nio-8081-exec-1] INFO  [sessionId=NO_SESSION]
        [reqId=] [traceId=] [spanId=] [parentSpan=]
        [uri=] [method=] [status=]
        [duration=ms] [clientIp=] [userAgent=]
        o.a.c.c.C.[Tomcat].[localhost].[/] - Initializing Spring DispatcherServlet 'dispatcherServlet'
2025-11-07 22:21:23.901 [http-nio-8081-exec-1] INFO  [sessionId=NO_SESSION]
        [reqId=] [traceId=] [spanId=] [parentSpan=]
        [uri=] [method=] [status=]
        [duration=ms] [clientIp=] [userAgent=]
        o.s.web.servlet.DispatcherServlet - Initializing Servlet 'dispatcherServlet'
2025-11-07 22:21:23.904 [http-nio-8081-exec-1] INFO  [sessionId=NO_SESSION]
        [reqId=] [traceId=] [spanId=] [parentSpan=]
        [uri=] [method=] [status=]
        [duration=ms] [clientIp=] [userAgent=]
        o.s.web.servlet.DispatcherServlet - Completed initialization in 3 ms
2025-11-07 22:21:34.701 [http-nio-8081-exec-2] INFO  [sessionId=2BCA874F99AF82A564E034DC800B8317]
        [reqId=88eb7162] [traceId=3d77396537c440a1be41f40e98712b6e] [spanId=ec41c34c-d3ec-47] [parentSpan=]
        [uri=/petstorepetservice/v2/pet/findByStatus] [method=GET] [status=]
        [duration=ms] [clientIp=127.0.0.1] [userAgent=Java/21.0.9]
        c.c.p.pet.controller.PetController - Received GET request to /petstorepetservice/v2/pet/findByStatus with status: [available]
2025-11-07 22:21:34.704 [http-nio-8081-exec-2] INFO  [sessionId=2BCA874F99AF82A564E034DC800B8317]
        [reqId=88eb7162] [traceId=3d77396537c440a1be41f40e98712b6e] [spanId=ec41c34c-d3ec-47] [parentSpan=]
        [uri=/petstorepetservice/v2/pet/findByStatus] [method=GET] [status=]
        [duration=ms] [clientIp=127.0.0.1] [userAgent=Java/21.0.9]
        c.c.petstore.pet.service.PetService - Finding pets with status: [available]
2025-11-07 22:21:34.704 [http-nio-8081-exec-2] INFO  [sessionId=2BCA874F99AF82A564E034DC800B8317]
        [reqId=88eb7162] [traceId=3d77396537c440a1be41f40e98712b6e] [spanId=ec41c34c-d3ec-47] [parentSpan=]
        [uri=/petstorepetservice/v2/pet/findByStatus] [method=GET] [status=]
        [duration=ms] [clientIp=127.0.0.1] [userAgent=Java/21.0.9]
        c.c.p.pet.controller.PetController - Successfully found 31 pets with status: [available]
