2025-11-08 12:43:15.841 [main] INFO  [sessionId=NO_SESSION]
        [reqId=] [traceId=] [spanId=] [parentSpan=]
        [uri=] [method=] [status=]
        [duration=ms] [clientIp=] [userAgent=]
        c.c.p.pet.PetServiceApplication - Starting PetServiceApplication using Java 21.0.9 with PID 11172 (C:\mzdev\cloudx-java-azure-dev\petstore\petstorepetservice\target\classes started by PrajjwalPandey in C:\mzdev\cloudx-java-azure-dev\petstore\petstorepetservice)
2025-11-08 12:43:15.853 [main] INFO  [sessionId=NO_SESSION]
        [reqId=] [traceId=] [spanId=] [parentSpan=]
        [uri=] [method=] [status=]
        [duration=ms] [clientIp=] [userAgent=]
        c.c.p.pet.PetServiceApplication - No active profile set, falling back to 1 default profile: "default"
2025-11-08 12:43:18.178 [main] INFO  [sessionId=NO_SESSION]
        [reqId=] [traceId=] [spanId=] [parentSpan=]
        [uri=] [method=] [status=]
        [duration=ms] [clientIp=] [userAgent=]
        o.s.b.w.e.tomcat.TomcatWebServer - Tomcat initialized with port 8081 (http)
2025-11-08 12:43:18.203 [main] INFO  [sessionId=NO_SESSION]
        [reqId=] [traceId=] [spanId=] [parentSpan=]
        [uri=] [method=] [status=]
        [duration=ms] [clientIp=] [userAgent=]
        o.a.catalina.core.StandardService - Starting service [Tomcat]
2025-11-08 12:43:18.203 [main] INFO  [sessionId=NO_SESSION]
        [reqId=] [traceId=] [spanId=] [parentSpan=]
        [uri=] [method=] [status=]
        [duration=ms] [clientIp=] [userAgent=]
        o.a.catalina.core.StandardEngine - Starting Servlet engine: [Apache Tomcat/10.1.41]
2025-11-08 12:43:18.302 [main] INFO  [sessionId=NO_SESSION]
        [reqId=] [traceId=] [spanId=] [parentSpan=]
        [uri=] [method=] [status=]
        [duration=ms] [clientIp=] [userAgent=]
        o.a.c.c.C.[Tomcat].[localhost].[/] - Initializing Spring embedded WebApplicationContext
2025-11-08 12:43:18.302 [main] INFO  [sessionId=NO_SESSION]
        [reqId=] [traceId=] [spanId=] [parentSpan=]
        [uri=] [method=] [status=]
        [duration=ms] [clientIp=] [userAgent=]
        o.s.b.w.s.c.ServletWebServerApplicationContext - Root WebApplicationContext: initialization completed in 2366 ms
2025-11-08 12:43:19.745 [main] INFO  [sessionId=NO_SESSION]
        [reqId=] [traceId=] [spanId=] [parentSpan=]
        [uri=] [method=] [status=]
        [duration=ms] [clientIp=] [userAgent=]
        o.s.b.a.e.web.EndpointLinksResolver - Exposing 2 endpoints beneath base path '/actuator'
2025-11-08 12:43:19.876 [main] INFO  [sessionId=NO_SESSION]
        [reqId=] [traceId=] [spanId=] [parentSpan=]
        [uri=] [method=] [status=]
        [duration=ms] [clientIp=] [userAgent=]
        o.s.b.w.e.tomcat.TomcatWebServer - Tomcat started on port 8081 (http) with context path '/'
2025-11-08 12:43:19.901 [main] INFO  [sessionId=NO_SESSION]
        [reqId=] [traceId=] [spanId=] [parentSpan=]
        [uri=] [method=] [status=]
        [duration=ms] [clientIp=] [userAgent=]
        c.c.p.pet.PetServiceApplication - Started PetServiceApplication in 5.382 seconds (process running for 6.824)
